# JRE version: OpenJDK Runtime Environment Temurin-21.0.10+7 (21.0.10+7) (build 21.0.10+7-LTS)
# Java VM: OpenJDK 64-Bit Server VM Temurin-21.0.10+7 (21.0.10+7-LTS, mixed mode, sharing, tiered, compressed oops, compressed class ptrs, parallel gc, windows-amd64)
GC Precious Log:
 CardTable entry size: 512
 CPUs: 16 total, 16 available
 Memory: 15556M
 Large Page Support: Disabled
 NUMA Support: Disabled
 Compressed Oops: Enabled (32-bit)
 Alignments: Space 512K, Generation 512K, Heap 2M
 Heap Min Capacity: 100M
 Heap Initial Capacity: 100M
 Heap Max Capacity: 2G
 Pre-touch: Disabled
 Parallel Workers: 13
Heap:
 PSYoungGen      total 15360K, used 3689K [0x00000000d5580000, 0x00000000d6680000, 0x0000000100000000)
  eden space 13312K, 14% used [0x00000000d5580000,0x00000000d5772b70,0x00000000d6280000)
  from space 2048K, 82% used [0x00000000d6480000,0x00000000d6627ae0,0x00000000d6680000)
  to   space 2048K, 0% used [0x00000000d6280000,0x00000000d6280000,0x00000000d6480000)
 ParOldGen       total 76288K, used 63987K [0x0000000080000000, 0x0000000084a80000, 0x00000000d5580000)
  object space 76288K, 83% used [0x0000000080000000,0x0000000083e7cc10,0x0000000084a80000)
 Metaspace       used 62798K, committed 64256K, reserved 1114112K
  class space    used 6616K, committed 7232K, reserved 1048576K
GC Heap History (20 events):
Event: 13.977 GC heap before
{Heap before GC invocations=76 (full 2):
 PSYoungGen      total 17408K, used 16962K [0x00000000d5580000, 0x00000000d6780000, 0x0000000100000000)
  eden space 16384K, 100% used [0x00000000d5580000,0x00000000d6580000,0x00000000d6580000)
  from space 1024K, 56% used [0x00000000d6580000,0x00000000d66108a8,0x00000000d6680000)
  to   space 1024K, 0% used [0x00000000d6680000,0x00000000d6680000,0x00000000d6780000)
 ParOldGen       total 75264K, used 74862K [0x0000000080000000, 0x0000000084980000, 0x00000000d5580000)
  object space 75264K, 99% used [0x0000000080000000,0x000000008491b9d0,0x0000000084980000)
 Metaspace       used 58254K, committed 59712K, reserved 1114112K
  class space    used 6218K, committed 6848K, reserved 1048576K
}
Event: 13.978 GC heap after
{Heap after GC invocations=76 (full 2):
 PSYoungGen      total 16896K, used 448K [0x00000000d5580000, 0x00000000d6700000, 0x0000000100000000)
  eden space 16384K, 0% used [0x00000000d5580000,0x00000000d5580000,0x00000000d6580000)
  from space 512K, 87% used [0x00000000d6680000,0x00000000d66f0000,0x00000000d6700000)
  to   space 512K, 0% used [0x00000000d6600000,0x00000000d6600000,0x00000000d6680000)
 ParOldGen       total 76288K, used 75892K [0x0000000080000000, 0x0000000084a80000, 0x00000000d5580000)
  object space 76288K, 99% used [0x0000000080000000,0x0000000084a1d330,0x0000000084a80000)
 Metaspace       used 58254K, committed 59712K, reserved 1114112K
  class space    used 6218K, committed 6848K, reserved 1048576K
}
Event: 13.997 GC heap before
{Heap before GC invocations=77 (full 2):
 PSYoungGen      total 16896K, used 13761K [0x00000000d5580000, 0x00000000d6700000, 0x0000000100000000)
  eden space 16384K, 81% used [0x00000000d5580000,0x00000000d6280610,0x00000000d6580000)
  from space 512K, 87% used [0x00000000d6680000,0x00000000d66f0000,0x00000000d6700000)
  to   space 512K, 0% used [0x00000000d6600000,0x00000000d6600000,0x00000000d6680000)
 ParOldGen       total 76288K, used 75892K [0x0000000080000000, 0x0000000084a80000, 0x00000000d5580000)
  object space 76288K, 99% used [0x0000000080000000,0x0000000084a1d330,0x0000000084a80000)
 Metaspace       used 58366K, committed 59776K, reserved 1114112K
  class space    used 6225K, committed 6848K, reserved 1048576K
}
Event: 13.998 GC heap after
{Heap after GC invocations=77 (full 2):
 PSYoungGen      total 16896K, used 506K [0x00000000d5580000, 0x00000000d6780000, 0x0000000100000000)
  eden space 16384K, 0% used [0x00000000d5580000,0x00000000d5580000,0x00000000d6580000)
  from space 512K, 98% used [0x00000000d6600000,0x00000000d667e900,0x00000000d6680000)
  to   space 1024K, 0% used [0x00000000d6680000,0x00000000d6680000,0x00000000d6780000)
 ParOldGen       total 76288K, used 76116K [0x0000000080000000, 0x0000000084a80000, 0x00000000d5580000)
  object space 76288K, 99% used [0x0000000080000000,0x0000000084a55330,0x0000000084a80000)
 Metaspace       used 58366K, committed 59776K, reserved 1114112K
  class space    used 6225K, committed 6848K, reserved 1048576K
}
Event: 13.998 GC heap before
{Heap before GC invocations=78 (full 3):
 PSYoungGen      total 16896K, used 506K [0x00000000d5580000, 0x00000000d6780000, 0x0000000100000000)
  eden space 16384K, 0% used [0x00000000d5580000,0x00000000d5580000,0x00000000d6580000)
  from space 512K, 98% used [0x00000000d6600000,0x00000000d667e900,0x00000000d6680000)
  to   space 1024K, 0% used [0x00000000d6680000,0x00000000d6680000,0x00000000d6780000)
 ParOldGen       total 76288K, used 76116K [0x0000000080000000, 0x0000000084a80000, 0x00000000d5580000)
  object space 76288K, 99% used [0x0000000080000000,0x0000000084a55330,0x0000000084a80000)
 Metaspace       used 58366K, committed 59776K, reserved 1114112K
  class space    used 6225K, committed 6848K, reserved 1048576K
}
Event: 14.090 GC heap after
{Heap after GC invocations=78 (full 3):
 PSYoungGen      total 16896K, used 0K [0x00000000d5580000, 0x00000000d6780000, 0x0000000100000000)
  eden space 16384K, 0% used [0x00000000d5580000,0x00000000d5580000,0x00000000d6580000)
  from space 512K, 0% used [0x00000000d6600000,0x00000000d6600000,0x00000000d6680000)
  to   space 1024K, 0% used [0x00000000d6680000,0x00000000d6680000,0x00000000d6780000)
 ParOldGen       total 76288K, used 58445K [0x0000000080000000, 0x0000000084a80000, 0x00000000d5580000)
  object space 76288K, 76% used [0x0000000080000000,0x00000000839135b8,0x0000000084a80000)
 Metaspace       used 58359K, committed 59776K, reserved 1114112K
  class space    used 6223K, committed 6848K, reserved 1048576K
}
Event: 14.379 GC heap before
{Heap before GC invocations=79 (full 3):
 PSYoungGen      total 16896K, used 16384K [0x00000000d5580000, 0x00000000d6780000, 0x0000000100000000)
  eden space 16384K, 100% used [0x00000000d5580000,0x00000000d6580000,0x00000000d6580000)
  from space 512K, 0% used [0x00000000d6600000,0x00000000d6600000,0x00000000d6680000)
  to   space 1024K, 0% used [0x00000000d6680000,0x00000000d6680000,0x00000000d6780000)
 ParOldGen       total 76288K, used 58445K [0x0000000080000000, 0x0000000084a80000, 0x00000000d5580000)
  object space 76288K, 76% used [0x0000000080000000,0x0000000083913638,0x0000000084a80000)
 Metaspace       used 59771K, committed 61248K, reserved 1114112K
  class space    used 6374K, committed 6976K, reserved 1048576K
}
Event: 14.381 GC heap after
{Heap after GC invocations=79 (full 3):
 PSYoungGen      total 15360K, used 1004K [0x00000000d5580000, 0x00000000d6b80000, 0x0000000100000000)
  eden space 14336K, 0% used [0x00000000d5580000,0x00000000d5580000,0x00000000d6380000)
  from space 1024K, 98% used [0x00000000d6680000,0x00000000d677b3d8,0x00000000d6780000)
  to   space 3072K, 0% used [0x00000000d6380000,0x00000000d6380000,0x00000000d6680000)
 ParOldGen       total 76288K, used 59756K [0x0000000080000000, 0x0000000084a80000, 0x00000000d5580000)
  object space 76288K, 78% used [0x0000000080000000,0x0000000083a5b028,0x0000000084a80000)
 Metaspace       used 59771K, committed 61248K, reserved 1114112K
  class space    used 6374K, committed 6976K, reserved 1048576K
}
Event: 14.427 GC heap before
{Heap before GC invocations=80 (full 3):
 PSYoungGen      total 15360K, used 15340K [0x00000000d5580000, 0x00000000d6b80000, 0x0000000100000000)
  eden space 14336K, 100% used [0x00000000d5580000,0x00000000d6380000,0x00000000d6380000)
  from space 1024K, 98% used [0x00000000d6680000,0x00000000d677b3d8,0x00000000d6780000)
  to   space 3072K, 0% used [0x00000000d6380000,0x00000000d6380000,0x00000000d6680000)
 ParOldGen       total 76288K, used 59944K [0x0000000080000000, 0x0000000084a80000, 0x00000000d5580000)
  object space 76288K, 78% used [0x0000000080000000,0x0000000083a8a350,0x0000000084a80000)
 Metaspace       used 59951K, committed 61376K, reserved 1114112K
  class space    used 6388K, committed 6976K, reserved 1048576K
}
Event: 14.431 GC heap after
{Heap after GC invocations=80 (full 3):
 PSYoungGen      total 15360K, used 952K [0x00000000d5580000, 0x00000000d6700000, 0x0000000100000000)
  eden space 14336K, 0% used [0x00000000d5580000,0x00000000d5580000,0x00000000d6380000)
  from space 1024K, 92% used [0x00000000d6380000,0x00000000d646e018,0x00000000d6480000)
  to   space 1536K, 0% used [0x00000000d6580000,0x00000000d6580000,0x00000000d6700000)
 ParOldGen       total 76288K, used 60885K [0x0000000080000000, 0x0000000084a80000, 0x00000000d5580000)
  object space 76288K, 79% used [0x0000000080000000,0x0000000083b755b0,0x0000000084a80000)
 Metaspace       used 59951K, committed 61376K, reserved 1114112K
  class space    used 6388K, committed 6976K, reserved 1048576K
}
Event: 14.477 GC heap before
{Heap before GC invocations=81 (full 3):
 PSYoungGen      total 15360K, used 15288K [0x00000000d5580000, 0x00000000d6700000, 0x0000000100000000)
  eden space 14336K, 100% used [0x00000000d5580000,0x00000000d6380000,0x00000000d6380000)
  from space 1024K, 92% used [0x00000000d6380000,0x00000000d646e018,0x00000000d6480000)
  to   space 1536K, 0% used [0x00000000d6580000,0x00000000d6580000,0x00000000d6700000)
 ParOldGen       total 76288K, used 60885K [0x0000000080000000, 0x0000000084a80000, 0x00000000d5580000)
  object space 76288K, 79% used [0x0000000080000000,0x0000000083b755b0,0x0000000084a80000)
 Metaspace       used 60020K, committed 61504K, reserved 1114112K
  class space    used 6400K, committed 7040K, reserved 1048576K
}
Event: 14.479 GC heap after
{Heap after GC invocations=81 (full 3):
 PSYoungGen      total 15360K, used 950K [0x00000000d5580000, 0x00000000d6680000, 0x0000000100000000)
  eden space 14336K, 0% used [0x00000000d5580000,0x00000000d5580000,0x00000000d6380000)
  from space 1024K, 92% used [0x00000000d6580000,0x00000000d666da18,0x00000000d6680000)
  to   space 1536K, 0% used [0x00000000d6380000,0x00000000d6380000,0x00000000d6500000)
 ParOldGen       total 76288K, used 61286K [0x0000000080000000, 0x0000000084a80000, 0x00000000d5580000)
  object space 76288K, 80% used [0x0000000080000000,0x0000000083bd9920,0x0000000084a80000)
 Metaspace       used 60020K, committed 61504K, reserved 1114112K
  class space    used 6400K, committed 7040K, reserved 1048576K
}
Event: 14.587 GC heap before
{Heap before GC invocations=82 (full 3):
 PSYoungGen      total 15360K, used 15286K [0x00000000d5580000, 0x00000000d6680000, 0x0000000100000000)
  eden space 14336K, 100% used [0x00000000d5580000,0x00000000d6380000,0x00000000d6380000)
  from space 1024K, 92% used [0x00000000d6580000,0x00000000d666da18,0x00000000d6680000)
  to   space 1536K, 0% used [0x00000000d6380000,0x00000000d6380000,0x00000000d6500000)
 ParOldGen       total 76288K, used 61286K [0x0000000080000000, 0x0000000084a80000, 0x00000000d5580000)
  object space 76288K, 80% used [0x0000000080000000,0x0000000083bd9920,0x0000000084a80000)
 Metaspace       used 61364K, committed 62848K, reserved 1114112K
  class space    used 6513K, committed 7168K, reserved 1048576K
}
Event: 14.588 GC heap after
{Heap after GC invocations=82 (full 3):
 PSYoungGen      total 15872K, used 352K [0x00000000d5580000, 0x00000000d6600000, 0x0000000100000000)
  eden space 14336K, 0% used [0x00000000d5580000,0x00000000d5580000,0x00000000d6380000)
  from space 1536K, 22% used [0x00000000d6380000,0x00000000d63d8000,0x00000000d6500000)
  to   space 1024K, 0% used [0x00000000d6500000,0x00000000d6500000,0x00000000d6600000)
 ParOldGen       total 76288K, used 61407K [0x0000000080000000, 0x0000000084a80000, 0x00000000d5580000)
  object space 76288K, 80% used [0x0000000080000000,0x0000000083bf7d90,0x0000000084a80000)
 Metaspace       used 61364K, committed 62848K, reserved 1114112K
  class space    used 6513K, committed 7168K, reserved 1048576K
}
Event: 14.755 GC heap before
{Heap before GC invocations=83 (full 3):
 PSYoungGen      total 15872K, used 14688K [0x00000000d5580000, 0x00000000d6600000, 0x0000000100000000)
  eden space 14336K, 100% used [0x00000000d5580000,0x00000000d6380000,0x00000000d6380000)
  from space 1536K, 22% used [0x00000000d6380000,0x00000000d63d8000,0x00000000d6500000)
  to   space 1024K, 0% used [0x00000000d6500000,0x00000000d6500000,0x00000000d6600000)
 ParOldGen       total 76288K, used 61407K [0x0000000080000000, 0x0000000084a80000, 0x00000000d5580000)
  object space 76288K, 80% used [0x0000000080000000,0x0000000083bf7d90,0x0000000084a80000)
 Metaspace       used 61689K, committed 63168K, reserved 1114112K
  class space    used 6540K, committed 7168K, reserved 1048576K
}
Event: 14.757 GC heap after
{Heap after GC invocations=83 (full 3):
 PSYoungGen      total 14336K, used 1010K [0x00000000d5580000, 0x00000000d6880000, 0x0000000100000000)
  eden space 13312K, 0% used [0x00000000d5580000,0x00000000d5580000,0x00000000d6280000)
  from space 1024K, 98% used [0x00000000d6500000,0x00000000d65fc858,0x00000000d6600000)
  to   space 2560K, 0% used [0x00000000d6280000,0x00000000d6280000,0x00000000d6500000)
 ParOldGen       total 76288K, used 62252K [0x0000000080000000, 0x0000000084a80000, 0x00000000d5580000)
  object space 76288K, 81% used [0x0000000080000000,0x0000000083ccb1e0,0x0000000084a80000)
 Metaspace       used 61689K, committed 63168K, reserved 1114112K
  class space    used 6540K, committed 7168K, reserved 1048576K
}
Event: 14.948 GC heap before
{Heap before GC invocations=84 (full 3):
 PSYoungGen      total 14336K, used 14322K [0x00000000d5580000, 0x00000000d6880000, 0x0000000100000000)
  eden space 13312K, 100% used [0x00000000d5580000,0x00000000d6280000,0x00000000d6280000)
  from space 1024K, 98% used [0x00000000d6500000,0x00000000d65fc858,0x00000000d6600000)
  to   space 2560K, 0% used [0x00000000d6280000,0x00000000d6280000,0x00000000d6500000)
 ParOldGen       total 76288K, used 62252K [0x0000000080000000, 0x0000000084a80000, 0x00000000d5580000)
  object space 76288K, 81% used [0x0000000080000000,0x0000000083ccb1e0,0x0000000084a80000)
 Metaspace       used 62223K, committed 63616K, reserved 1114112K
  class space    used 6577K, committed 7168K, reserved 1048576K
}
Event: 14.950 GC heap after
{Heap after GC invocations=84 (full 3):
 PSYoungGen      total 14848K, used 1387K [0x00000000d5580000, 0x00000000d6680000, 0x0000000100000000)
  eden space 13312K, 0% used [0x00000000d5580000,0x00000000d5580000,0x00000000d6280000)
  from space 1536K, 90% used [0x00000000d6280000,0x00000000d63daf78,0x00000000d6400000)
  to   space 2048K, 0% used [0x00000000d6480000,0x00000000d6480000,0x00000000d6680000)
 ParOldGen       total 76288K, used 63208K [0x0000000080000000, 0x0000000084a80000, 0x00000000d5580000)
  object space 76288K, 82% used [0x0000000080000000,0x0000000083dba250,0x0000000084a80000)
 Metaspace       used 62223K, committed 63616K, reserved 1114112K
  class space    used 6577K, committed 7168K, reserved 1048576K
}
Event: 31.241 GC heap before
{Heap before GC invocations=85 (full 3):
 PSYoungGen      total 14848K, used 14699K [0x00000000d5580000, 0x00000000d6680000, 0x0000000100000000)
  eden space 13312K, 100% used [0x00000000d5580000,0x00000000d6280000,0x00000000d6280000)
  from space 1536K, 90% used [0x00000000d6280000,0x00000000d63daf78,0x00000000d6400000)
  to   space 2048K, 0% used [0x00000000d6480000,0x00000000d6480000,0x00000000d6680000)
 ParOldGen       total 76288K, used 63208K [0x0000000080000000, 0x0000000084a80000, 0x00000000d5580000)
  object space 76288K, 82% used [0x0000000080000000,0x0000000083dba250,0x0000000084a80000)
 Metaspace       used 62521K, committed 64000K, reserved 1114112K
  class space    used 6603K, committed 7232K, reserved 1048576K
}
Event: 31.244 GC heap after
{Heap after GC invocations=85 (full 3):
 PSYoungGen      total 15360K, used 1694K [0x00000000d5580000, 0x00000000d6680000, 0x0000000100000000)
  eden space 13312K, 0% used [0x00000000d5580000,0x00000000d5580000,0x00000000d6280000)
  from space 2048K, 82% used [0x00000000d6480000,0x00000000d6627ae0,0x00000000d6680000)
  to   space 2048K, 0% used [0x00000000d6280000,0x00000000d6280000,0x00000000d6480000)
 ParOldGen       total 76288K, used 63987K [0x0000000080000000, 0x0000000084a80000, 0x00000000d5580000)
  object space 76288K, 83% used [0x0000000080000000,0x0000000083e7cc10,0x0000000084a80000)
 Metaspace       used 62521K, committed 64000K, reserved 1114112K
  class space    used 6603K, committed 7232K, reserved 1048576K
}

